Running: D:\FPGA\14.7\ISE_DS\ISE\bin\nt64\unwrapped\fuse.exe -intstyle ise -incremental -o D:/FPGA/EEE458_TurhanCanKargin_Question5/question5_test_bench_isim_beh.exe -prj D:/FPGA/EEE458_TurhanCanKargin_Question5/question5_test_bench_beh.prj work.question5_test_bench 
ISim P.20131013 (signature 0x7708f090)
Number of CPUs detected in this system: 8
Turning on mult-threading, number of parallel sub-compilation jobs: 16 
Determining compilation order of HDL files
Parsing VHDL file "D:/FPGA/EEE458_TurhanCanKargin_Question5/twelve_bit_general_purpose_register.vhd" into library work
Parsing VHDL file "D:/FPGA/EEE458_TurhanCanKargin_Question5/question5_test_bench.vhd" into library work
Starting static elaboration
Completed static elaboration
Compiling package standard
Compiling package std_logic_1164
Compiling package std_logic_arith
Compiling package std_logic_unsigned
Compiling package numeric_std
Compiling architecture behavioral of entity twelve_bit_general_purpose_register [twelve_bit_general_purpose_regis...]
Compiling architecture behavior of entity question5_test_bench
Time Resolution for simulation is 1ps.
Waiting for 1 sub-compilation(s) to finish...
Compiled 8 VHDL Units
Built simulation executable D:/FPGA/EEE458_TurhanCanKargin_Question5/question5_test_bench_isim_beh.exe
Fuse Memory Usage: 37668 KB
Fuse CPU Usage: 561 ms
