Release 14.7 - xst P.20131013 (nt64)
Copyright (c) 1995-2013 Xilinx, Inc.  All rights reserved.
--> Parameter TMPDIR set to xst/projnav.tmp


Total REAL time to Xst completion: 0.00 secs
Total CPU time to Xst completion: 0.08 secs
 
--> Parameter xsthdpdir set to xst


Total REAL time to Xst completion: 0.00 secs
Total CPU time to Xst completion: 0.08 secs
 
--> Reading design: twelve_bit_general_purpose_register.prj

TABLE OF CONTENTS
  1) Synthesis Options Summary
  2) HDL Compilation
  3) Design Hierarchy Analysis
  4) HDL Analysis
  5) HDL Synthesis
     5.1) HDL Synthesis Report
  6) Advanced HDL Synthesis
     6.1) Advanced HDL Synthesis Report
  7) Low Level Synthesis
  8) Partition Report
  9) Final Report
	9.1) Device utilization summary
	9.2) Partition Resource Summary
	9.3) TIMING REPORT


=========================================================================
*                      Synthesis Options Summary                        *
=========================================================================
---- Source Parameters
Input File Name                    : "twelve_bit_general_purpose_register.prj"
Input Format                       : mixed
Ignore Synthesis Constraint File   : NO

---- Target Parameters
Output File Name                   : "twelve_bit_general_purpose_register"
Output Format                      : NGC
Target Device                      : xc3s250e-5-cp132

---- Source Options
Top Module Name                    : twelve_bit_general_purpose_register
Automatic FSM Extraction           : YES
FSM Encoding Algorithm             : Auto
Safe Implementation                : No
FSM Style                          : LUT
RAM Extraction                     : Yes
RAM Style                          : Auto
ROM Extraction                     : Yes
Mux Style                          : Auto
Decoder Extraction                 : YES
Priority Encoder Extraction        : Yes
Shift Register Extraction          : YES
Logical Shifter Extraction         : YES
XOR Collapsing                     : YES
ROM Style                          : Auto
Mux Extraction                     : Yes
Resource Sharing                   : YES
Asynchronous To Synchronous        : NO
Multiplier Style                   : Auto
Automatic Register Balancing       : No

---- Target Options
Add IO Buffers                     : YES
Global Maximum Fanout              : 100000
Add Generic Clock Buffer(BUFG)     : 24
Register Duplication               : YES
Slice Packing                      : YES
Optimize Instantiated Primitives   : NO
Use Clock Enable                   : Yes
Use Synchronous Set                : Yes
Use Synchronous Reset              : Yes
Pack IO Registers into IOBs        : Auto
Equivalent register Removal        : YES

---- General Options
Optimization Goal                  : Speed
Optimization Effort                : 1
Keep Hierarchy                     : No
Netlist Hierarchy                  : As_Optimized
RTL Output                         : Yes
Global Optimization                : AllClockNets
Read Cores                         : YES
Write Timing Constraints           : NO
Cross Clock Analysis               : NO
Hierarchy Separator                : /
Bus Delimiter                      : <>
Case Specifier                     : Maintain
Slice Utilization Ratio            : 100
BRAM Utilization Ratio             : 100
Verilog 2001                       : YES
Auto BRAM Packing                  : NO
Slice Utilization Ratio Delta      : 5

=========================================================================


=========================================================================
*                          HDL Compilation                              *
=========================================================================
Compiling vhdl file "D:/FPGA/EEE458_TurhanCanKargin_Question5/twelve_bit_general_purpose_register.vhd" in Library work.
Entity <twelve_bit_general_purpose_register> compiled.
Entity <twelve_bit_general_purpose_register> (Architecture <behavioral>) compiled.

=========================================================================
*                     Design Hierarchy Analysis                         *
=========================================================================
Analyzing hierarchy for entity <twelve_bit_general_purpose_register> in library <work> (architecture <behavioral>).


=========================================================================
*                            HDL Analysis                               *
=========================================================================
Analyzing Entity <twelve_bit_general_purpose_register> in library <work> (Architecture <behavioral>).
Entity <twelve_bit_general_purpose_register> analyzed. Unit <twelve_bit_general_purpose_register> generated.


=========================================================================
*                           HDL Synthesis                               *
=========================================================================

Performing bidirectional port resolution...

Synthesizing Unit <twelve_bit_general_purpose_register>.
    Related source file is "D:/FPGA/EEE458_TurhanCanKargin_Question5/twelve_bit_general_purpose_register.vhd".
WARNING:Xst:647 - Input <DataMEM<7:0>> is never used. This port will be preserved and left unconnected if it belongs to a top-level block or it belongs to a sub-block and the hierarchy of this sub-block is preserved.
WARNING:Xst:1780 - Signal <alu> is never used or assigned. This unconnected signal will be trimmed during the optimization process.
    Found 8-bit register for signal <AddressOutput>.
    Found 4-bit register for signal <OperandOutput>.
    Found 12-bit register for signal <DataToALU>.
    Found 1-bit register for signal <z>.
    Found 12-bit adder for signal <DataToALU$addsub0000> created at line 71.
    Found 4-bit adder for signal <OperandOutput$addsub0000> created at line 70.
    Summary:
	inferred  25 D-type flip-flop(s).
	inferred   2 Adder/Subtractor(s).
Unit <twelve_bit_general_purpose_register> synthesized.


=========================================================================
HDL Synthesis Report

Macro Statistics
# Adders/Subtractors                                   : 2
 12-bit adder                                          : 1
 4-bit adder                                           : 1
# Registers                                            : 4
 1-bit register                                        : 1
 12-bit register                                       : 1
 4-bit register                                        : 1
 8-bit register                                        : 1

=========================================================================

=========================================================================
*                       Advanced HDL Synthesis                          *
=========================================================================


=========================================================================
Advanced HDL Synthesis Report

Macro Statistics
# Adders/Subtractors                                   : 2
 12-bit adder                                          : 1
 4-bit adder                                           : 1
# Registers                                            : 25
 Flip-Flops                                            : 25

=========================================================================

=========================================================================
*                         Low Level Synthesis                           *
=========================================================================

Optimizing unit <twelve_bit_general_purpose_register> ...

Mapping all equations...
Building and optimizing final netlist ...
Found area constraint ratio of 100 (+ 5) on block twelve_bit_general_purpose_register, actual ratio is 0.

Final Macro Processing ...

=========================================================================
Final Register Report

Macro Statistics
# Registers                                            : 25
 Flip-Flops                                            : 25

=========================================================================

=========================================================================
*                           Partition Report                            *
=========================================================================

Partition Implementation Status
-------------------------------

  No Partitions were found in this design.

-------------------------------

=========================================================================
*                            Final Report                               *
=========================================================================
Final Results
RTL Top Level Output File Name     : twelve_bit_general_purpose_register.ngr
Top Level Output File Name         : twelve_bit_general_purpose_register
Output Format                      : NGC
Optimization Goal                  : Speed
Keep Hierarchy                     : No

Design Statistics
# IOs                              : 63

Cell Usage :
# BELS                             : 58
#      GND                         : 1
#      INV                         : 1
#      LUT1                        : 11
#      LUT2_L                      : 1
#      LUT3                        : 15
#      LUT3_L                      : 1
#      LUT4                        : 4
#      MUXCY                       : 11
#      VCC                         : 1
#      XORCY                       : 12
# FlipFlops/Latches                : 25
#      FDCE                        : 24
#      FDPE                        : 1
# Clock Buffers                    : 1
#      BUFGP                       : 1
# IO Buffers                       : 54
#      IBUF                        : 29
#      OBUF                        : 25
=========================================================================

Device utilization summary:
---------------------------

Selected Device : 3s250ecp132-5 

 Number of Slices:                       18  out of   2448     0%  
 Number of Slice Flip Flops:             16  out of   4896     0%  
 Number of 4 input LUTs:                 33  out of   4896     0%  
 Number of IOs:                          63
 Number of bonded IOBs:                  55  out of     92    59%  
    IOB Flip Flops:                       9
 Number of GCLKs:                         1  out of     24     4%  

---------------------------
Partition Resource Summary:
---------------------------

  No Partitions were found in this design.

---------------------------


=========================================================================
TIMING REPORT

NOTE: THESE TIMING NUMBERS ARE ONLY A SYNTHESIS ESTIMATE.
      FOR ACCURATE TIMING INFORMATION PLEASE REFER TO THE TRACE REPORT
      GENERATED AFTER PLACE-and-ROUTE.

Clock Information:
------------------
-----------------------------------+------------------------+-------+
Clock Signal                       | Clock buffer(FF name)  | Load  |
-----------------------------------+------------------------+-------+
clk                                | BUFGP                  | 25    |
-----------------------------------+------------------------+-------+

Asynchronous Control Signals Information:
----------------------------------------
-----------------------------------+------------------------+-------+
Control Signal                     | Buffer(FF name)        | Load  |
-----------------------------------+------------------------+-------+
clr                                | IBUF                   | 25    |
-----------------------------------+------------------------+-------+

Timing Summary:
---------------
Speed Grade: -5

   Minimum period: 4.491ns (Maximum Frequency: 222.645MHz)
   Minimum input arrival time before clock: 3.929ns
   Maximum output required time after clock: 4.221ns
   Maximum combinational path delay: No path found

Timing Detail:
--------------
All values displayed in nanoseconds (ns)

=========================================================================
Timing constraint: Default period analysis for Clock 'clk'
  Clock period: 4.491ns (frequency: 222.645MHz)
  Total number of paths / destination ports: 88 / 16
-------------------------------------------------------------------------
Delay:               4.491ns (Levels of Logic = 13)
  Source:            DataToALU_1 (FF)
  Destination:       DataToALU_11 (FF)
  Source Clock:      clk rising
  Destination Clock: clk rising

  Data Path: DataToALU_1 to DataToALU_11
                                Gate     Net
    Cell:in->out      fanout   Delay   Delay  Logical Name (Net Name)
    ----------------------------------------  ------------
     FDCE:C->Q             2   0.514   0.532  DataToALU_1 (DataToALU_1)
     LUT1:I0->O            1   0.612   0.000  Madd_DataToALU_addsub0000_cy<1>_rt (Madd_DataToALU_addsub0000_cy<1>_rt)
     MUXCY:S->O            1   0.404   0.000  Madd_DataToALU_addsub0000_cy<1> (Madd_DataToALU_addsub0000_cy<1>)
     MUXCY:CI->O           1   0.052   0.000  Madd_DataToALU_addsub0000_cy<2> (Madd_DataToALU_addsub0000_cy<2>)
     MUXCY:CI->O           1   0.052   0.000  Madd_DataToALU_addsub0000_cy<3> (Madd_DataToALU_addsub0000_cy<3>)
     MUXCY:CI->O           1   0.052   0.000  Madd_DataToALU_addsub0000_cy<4> (Madd_DataToALU_addsub0000_cy<4>)
     MUXCY:CI->O           1   0.052   0.000  Madd_DataToALU_addsub0000_cy<5> (Madd_DataToALU_addsub0000_cy<5>)
     MUXCY:CI->O           1   0.052   0.000  Madd_DataToALU_addsub0000_cy<6> (Madd_DataToALU_addsub0000_cy<6>)
     MUXCY:CI->O           1   0.052   0.000  Madd_DataToALU_addsub0000_cy<7> (Madd_DataToALU_addsub0000_cy<7>)
     MUXCY:CI->O           1   0.052   0.000  Madd_DataToALU_addsub0000_cy<8> (Madd_DataToALU_addsub0000_cy<8>)
     MUXCY:CI->O           1   0.052   0.000  Madd_DataToALU_addsub0000_cy<9> (Madd_DataToALU_addsub0000_cy<9>)
     MUXCY:CI->O           0   0.052   0.000  Madd_DataToALU_addsub0000_cy<10> (Madd_DataToALU_addsub0000_cy<10>)
     XORCY:CI->O           1   0.699   0.387  Madd_DataToALU_addsub0000_xor<11> (DataToALU_addsub0000<11>)
     LUT3:I2->O            1   0.612   0.000  DataToALU_mux0000<11>1 (DataToALU_mux0000<11>)
     FDCE:D                    0.268          DataToALU_11
    ----------------------------------------
    Total                      4.491ns (3.573ns logic, 0.919ns route)
                                       (79.5% logic, 20.5% route)

=========================================================================
Timing constraint: Default OFFSET IN BEFORE for Clock 'clk'
  Total number of paths / destination ports: 111 / 49
-------------------------------------------------------------------------
Offset:              3.929ns (Levels of Logic = 2)
  Source:            increment (PAD)
  Destination:       DataToALU_0 (FF)
  Destination Clock: clk rising

  Data Path: increment to DataToALU_0
                                Gate     Net
    Cell:in->out      fanout   Delay   Delay  Logical Name (Net Name)
    ----------------------------------------  ------------
     IBUF:I->O            18   1.106   0.911  increment_IBUF (increment_IBUF)
     LUT4:I3->O           12   0.612   0.817  DataToALU_not00011 (DataToALU_not0001)
     FDCE:CE                   0.483          DataToALU_0
    ----------------------------------------
    Total                      3.929ns (2.201ns logic, 1.728ns route)
                                       (56.0% logic, 44.0% route)

=========================================================================
Timing constraint: Default OFFSET OUT AFTER for Clock 'clk'
  Total number of paths / destination ports: 25 / 25
-------------------------------------------------------------------------
Offset:              4.221ns (Levels of Logic = 1)
  Source:            OperandOutput_0 (FF)
  Destination:       OperandOutput<0> (PAD)
  Source Clock:      clk rising

  Data Path: OperandOutput_0 to OperandOutput<0>
                                Gate     Net
    Cell:in->out      fanout   Delay   Delay  Logical Name (Net Name)
    ----------------------------------------  ------------
     FDCE:C->Q             5   0.514   0.538  OperandOutput_0 (OperandOutput_0)
     OBUF:I->O                 3.169          OperandOutput_0_OBUF (OperandOutput<0>)
    ----------------------------------------
    Total                      4.221ns (3.683ns logic, 0.538ns route)
                                       (87.3% logic, 12.7% route)

=========================================================================


Total REAL time to Xst completion: 4.00 secs
Total CPU time to Xst completion: 4.26 secs
 
--> 

Total memory usage is 4506752 kilobytes

Number of errors   :    0 (   0 filtered)
Number of warnings :    2 (   0 filtered)
Number of infos    :    0 (   0 filtered)

