Release 14.7 - xst P.20131013 (nt64)
Copyright (c) 1995-2013 Xilinx, Inc.  All rights reserved.
--> Parameter TMPDIR set to xst/projnav.tmp


Total REAL time to Xst completion: 0.00 secs
Total CPU time to Xst completion: 0.10 secs
 
--> Parameter xsthdpdir set to xst


Total REAL time to Xst completion: 0.00 secs
Total CPU time to Xst completion: 0.10 secs
 
--> Reading design: arithmetic_logic_unit.prj

TABLE OF CONTENTS
  1) Synthesis Options Summary
  2) HDL Compilation
  3) Design Hierarchy Analysis
  4) HDL Analysis
  5) HDL Synthesis
     5.1) HDL Synthesis Report
  6) Advanced HDL Synthesis
     6.1) Advanced HDL Synthesis Report
  7) Low Level Synthesis
  8) Partition Report
  9) Final Report
	9.1) Device utilization summary
	9.2) Partition Resource Summary
	9.3) TIMING REPORT


=========================================================================
*                      Synthesis Options Summary                        *
=========================================================================
---- Source Parameters
Input File Name                    : "arithmetic_logic_unit.prj"
Input Format                       : mixed
Ignore Synthesis Constraint File   : NO

---- Target Parameters
Output File Name                   : "arithmetic_logic_unit"
Output Format                      : NGC
Target Device                      : xc3s250e-5-cp132

---- Source Options
Top Module Name                    : arithmetic_logic_unit
Automatic FSM Extraction           : YES
FSM Encoding Algorithm             : Auto
Safe Implementation                : No
FSM Style                          : LUT
RAM Extraction                     : Yes
RAM Style                          : Auto
ROM Extraction                     : Yes
Mux Style                          : Auto
Decoder Extraction                 : YES
Priority Encoder Extraction        : Yes
Shift Register Extraction          : YES
Logical Shifter Extraction         : YES
XOR Collapsing                     : YES
ROM Style                          : Auto
Mux Extraction                     : Yes
Resource Sharing                   : YES
Asynchronous To Synchronous        : NO
Multiplier Style                   : Auto
Automatic Register Balancing       : No

---- Target Options
Add IO Buffers                     : YES
Global Maximum Fanout              : 100000
Add Generic Clock Buffer(BUFG)     : 24
Register Duplication               : YES
Slice Packing                      : YES
Optimize Instantiated Primitives   : NO
Use Clock Enable                   : Yes
Use Synchronous Set                : Yes
Use Synchronous Reset              : Yes
Pack IO Registers into IOBs        : Auto
Equivalent register Removal        : YES

---- General Options
Optimization Goal                  : Speed
Optimization Effort                : 1
Keep Hierarchy                     : No
Netlist Hierarchy                  : As_Optimized
RTL Output                         : Yes
Global Optimization                : AllClockNets
Read Cores                         : YES
Write Timing Constraints           : NO
Cross Clock Analysis               : NO
Hierarchy Separator                : /
Bus Delimiter                      : <>
Case Specifier                     : Maintain
Slice Utilization Ratio            : 100
BRAM Utilization Ratio             : 100
Verilog 2001                       : YES
Auto BRAM Packing                  : NO
Slice Utilization Ratio Delta      : 5

=========================================================================


=========================================================================
*                          HDL Compilation                              *
=========================================================================
Compiling vhdl file "D:/FPGA/EEE458_TurhanCanKargin_Question6/arithmetic_logic_unit.vhd" in Library work.
Architecture behavioral of Entity arithmetic_logic_unit is up to date.

=========================================================================
*                     Design Hierarchy Analysis                         *
=========================================================================
Analyzing hierarchy for entity <arithmetic_logic_unit> in library <work> (architecture <behavioral>).


=========================================================================
*                            HDL Analysis                               *
=========================================================================
Analyzing Entity <arithmetic_logic_unit> in library <work> (Architecture <behavioral>).
WARNING:Xst:1610 - "D:/FPGA/EEE458_TurhanCanKargin_Question6/arithmetic_logic_unit.vhd" line 99: Width mismatch. <carry2> has a width of 13 bits but assigned expression is 12-bit wide.
Entity <arithmetic_logic_unit> analyzed. Unit <arithmetic_logic_unit> generated.


=========================================================================
*                           HDL Synthesis                               *
=========================================================================

Performing bidirectional port resolution...

Synthesizing Unit <arithmetic_logic_unit>.
    Related source file is "D:/FPGA/EEE458_TurhanCanKargin_Question6/arithmetic_logic_unit.vhd".
WARNING:Xst:647 - Input <A> is never used. This port will be preserved and left unconnected if it belongs to a top-level block or it belongs to a sub-block and the hierarchy of this sub-block is preserved.
WARNING:Xst:647 - Input <B> is never used. This port will be preserved and left unconnected if it belongs to a top-level block or it belongs to a sub-block and the hierarchy of this sub-block is preserved.
WARNING:Xst:653 - Signal <temp> is used but never assigned. This sourceless signal will be automatically connected to value 101100110011.
WARNING:Xst:653 - Signal <Test> is used but never assigned. This sourceless signal will be automatically connected to value 111111111111.
    Found 12-bit register for signal <ACC>.
    Found 13-bit register for signal <carry2>.
    Found 12-bit adder for signal <carry2$add0000> created at line 99.
    Found 1-bit register for signal <F>.
    Found 12-bit register for signal <temp2>.
    Found 12-bit adder for signal <temp2$addsub0000> created at line 96.
    Summary:
	inferred  38 D-type flip-flop(s).
	inferred   2 Adder/Subtractor(s).
Unit <arithmetic_logic_unit> synthesized.


=========================================================================
HDL Synthesis Report

Macro Statistics
# Adders/Subtractors                                   : 2
 12-bit adder                                          : 2
# Registers                                            : 15
 1-bit register                                        : 13
 12-bit register                                       : 1
 13-bit register                                       : 1

=========================================================================

=========================================================================
*                       Advanced HDL Synthesis                          *
=========================================================================

WARNING:Xst:1710 - FF/Latch <carry2_12> (without init value) has a constant value of 0 in block <arithmetic_logic_unit>. This FF/Latch will be trimmed during the optimization process.
WARNING:Xst:2404 -  FFs/Latches <carry2<12:12>> (without init value) have a constant value of 0 in block <arithmetic_logic_unit>.

=========================================================================
Advanced HDL Synthesis Report

Macro Statistics
# Adders/Subtractors                                   : 2
 12-bit adder                                          : 2
# Registers                                            : 37
 Flip-Flops                                            : 37

=========================================================================

=========================================================================
*                         Low Level Synthesis                           *
=========================================================================
WARNING:Xst:1710 - FF/Latch <carry2_0> (without init value) has a constant value of 0 in block <arithmetic_logic_unit>. This FF/Latch will be trimmed during the optimization process.
WARNING:Xst:1895 - Due to other FF/Latch trimming, FF/Latch <carry2_1> (without init value) has a constant value of 0 in block <arithmetic_logic_unit>. This FF/Latch will be trimmed during the optimization process.
WARNING:Xst:1895 - Due to other FF/Latch trimming, FF/Latch <carry2_2> (without init value) has a constant value of 0 in block <arithmetic_logic_unit>. This FF/Latch will be trimmed during the optimization process.
WARNING:Xst:1895 - Due to other FF/Latch trimming, FF/Latch <carry2_3> (without init value) has a constant value of 0 in block <arithmetic_logic_unit>. This FF/Latch will be trimmed during the optimization process.
WARNING:Xst:1895 - Due to other FF/Latch trimming, FF/Latch <carry2_4> (without init value) has a constant value of 0 in block <arithmetic_logic_unit>. This FF/Latch will be trimmed during the optimization process.
WARNING:Xst:1895 - Due to other FF/Latch trimming, FF/Latch <carry2_5> (without init value) has a constant value of 0 in block <arithmetic_logic_unit>. This FF/Latch will be trimmed during the optimization process.
WARNING:Xst:1895 - Due to other FF/Latch trimming, FF/Latch <carry2_6> (without init value) has a constant value of 0 in block <arithmetic_logic_unit>. This FF/Latch will be trimmed during the optimization process.
WARNING:Xst:1895 - Due to other FF/Latch trimming, FF/Latch <carry2_7> (without init value) has a constant value of 0 in block <arithmetic_logic_unit>. This FF/Latch will be trimmed during the optimization process.
WARNING:Xst:1895 - Due to other FF/Latch trimming, FF/Latch <carry2_8> (without init value) has a constant value of 0 in block <arithmetic_logic_unit>. This FF/Latch will be trimmed during the optimization process.
WARNING:Xst:1895 - Due to other FF/Latch trimming, FF/Latch <carry2_9> (without init value) has a constant value of 0 in block <arithmetic_logic_unit>. This FF/Latch will be trimmed during the optimization process.
WARNING:Xst:1895 - Due to other FF/Latch trimming, FF/Latch <carry2_10> (without init value) has a constant value of 0 in block <arithmetic_logic_unit>. This FF/Latch will be trimmed during the optimization process.
WARNING:Xst:1895 - Due to other FF/Latch trimming, FF/Latch <carry2_11> (without init value) has a constant value of 0 in block <arithmetic_logic_unit>. This FF/Latch will be trimmed during the optimization process.

Optimizing unit <arithmetic_logic_unit> ...

Mapping all equations...
Building and optimizing final netlist ...
Found area constraint ratio of 100 (+ 5) on block arithmetic_logic_unit, actual ratio is 2.

Final Macro Processing ...

=========================================================================
Final Register Report

Macro Statistics
# Registers                                            : 25
 Flip-Flops                                            : 25

=========================================================================

=========================================================================
*                           Partition Report                            *
=========================================================================

Partition Implementation Status
-------------------------------

  No Partitions were found in this design.

-------------------------------

=========================================================================
*                            Final Report                               *
=========================================================================
Final Results
RTL Top Level Output File Name     : arithmetic_logic_unit.ngr
Top Level Output File Name         : arithmetic_logic_unit
Output Format                      : NGC
Optimization Goal                  : Speed
Keep Hierarchy                     : No

Design Statistics
# IOs                              : 60

Cell Usage :
# BELS                             : 119
#      GND                         : 1
#      INV                         : 2
#      LUT1                        : 11
#      LUT2                        : 1
#      LUT3                        : 16
#      LUT4                        : 44
#      LUT4_L                      : 17
#      MUXCY                       : 11
#      MUXF5                       : 3
#      VCC                         : 1
#      XORCY                       : 12
# FlipFlops/Latches                : 25
#      FD                          : 5
#      FDE                         : 13
#      FDS                         : 7
# Clock Buffers                    : 1
#      BUFGP                       : 1
# IO Buffers                       : 35
#      IBUF                        : 9
#      OBUF                        : 26
=========================================================================

Device utilization summary:
---------------------------

Selected Device : 3s250ecp132-5 

 Number of Slices:                       50  out of   2448     2%  
 Number of Slice Flip Flops:             25  out of   4896     0%  
 Number of 4 input LUTs:                 91  out of   4896     1%  
 Number of IOs:                          60
 Number of bonded IOBs:                  36  out of     92    39%  
 Number of GCLKs:                         1  out of     24     4%  

---------------------------
Partition Resource Summary:
---------------------------

  No Partitions were found in this design.

---------------------------


=========================================================================
TIMING REPORT

NOTE: THESE TIMING NUMBERS ARE ONLY A SYNTHESIS ESTIMATE.
      FOR ACCURATE TIMING INFORMATION PLEASE REFER TO THE TRACE REPORT
      GENERATED AFTER PLACE-and-ROUTE.

Clock Information:
------------------
-----------------------------------+------------------------+-------+
Clock Signal                       | Clock buffer(FF name)  | Load  |
-----------------------------------+------------------------+-------+
CLK                                | BUFGP                  | 25    |
-----------------------------------+------------------------+-------+

Asynchronous Control Signals Information:
----------------------------------------
No asynchronous control signals found in this design

Timing Summary:
---------------
Speed Grade: -5

   Minimum period: 4.536ns (Maximum Frequency: 220.466MHz)
   Minimum input arrival time before clock: 7.252ns
   Maximum output required time after clock: 4.252ns
   Maximum combinational path delay: No path found

Timing Detail:
--------------
All values displayed in nanoseconds (ns)

=========================================================================
Timing constraint: Default period analysis for Clock 'CLK'
  Clock period: 4.536ns (frequency: 220.466MHz)
  Total number of paths / destination ports: 152 / 32
-------------------------------------------------------------------------
Delay:               4.536ns (Levels of Logic = 13)
  Source:            temp2_1 (FF)
  Destination:       temp2_11 (FF)
  Source Clock:      CLK rising
  Destination Clock: CLK rising

  Data Path: temp2_1 to temp2_11
                                Gate     Net
    Cell:in->out      fanout   Delay   Delay  Logical Name (Net Name)
    ----------------------------------------  ------------
     FDE:C->Q              3   0.514   0.603  temp2_1 (temp2_1)
     LUT1:I0->O            1   0.612   0.000  Madd_temp2_addsub0000_cy<1>_rt (Madd_temp2_addsub0000_cy<1>_rt)
     MUXCY:S->O            1   0.404   0.000  Madd_temp2_addsub0000_cy<1> (Madd_temp2_addsub0000_cy<1>)
     MUXCY:CI->O           1   0.052   0.000  Madd_temp2_addsub0000_cy<2> (Madd_temp2_addsub0000_cy<2>)
     MUXCY:CI->O           1   0.052   0.000  Madd_temp2_addsub0000_cy<3> (Madd_temp2_addsub0000_cy<3>)
     MUXCY:CI->O           1   0.052   0.000  Madd_temp2_addsub0000_cy<4> (Madd_temp2_addsub0000_cy<4>)
     MUXCY:CI->O           1   0.052   0.000  Madd_temp2_addsub0000_cy<5> (Madd_temp2_addsub0000_cy<5>)
     MUXCY:CI->O           1   0.052   0.000  Madd_temp2_addsub0000_cy<6> (Madd_temp2_addsub0000_cy<6>)
     MUXCY:CI->O           1   0.052   0.000  Madd_temp2_addsub0000_cy<7> (Madd_temp2_addsub0000_cy<7>)
     MUXCY:CI->O           1   0.052   0.000  Madd_temp2_addsub0000_cy<8> (Madd_temp2_addsub0000_cy<8>)
     MUXCY:CI->O           1   0.052   0.000  Madd_temp2_addsub0000_cy<9> (Madd_temp2_addsub0000_cy<9>)
     MUXCY:CI->O           0   0.051   0.000  Madd_temp2_addsub0000_cy<10> (Madd_temp2_addsub0000_cy<10>)
     XORCY:CI->O           1   0.699   0.360  Madd_temp2_addsub0000_xor<11> (temp2_addsub0000<11>)
     LUT4:I3->O            1   0.612   0.000  temp2_mux0000<11>1 (temp2_mux0000<11>)
     FDE:D                     0.268          temp2_11
    ----------------------------------------
    Total                      4.536ns (3.573ns logic, 0.963ns route)
                                       (78.8% logic, 21.2% route)

=========================================================================
Timing constraint: Default OFFSET IN BEFORE for Clock 'CLK'
  Total number of paths / destination ports: 630 / 45
-------------------------------------------------------------------------
Offset:              7.252ns (Levels of Logic = 6)
  Source:            increment (PAD)
  Destination:       ACC_0 (FF)
  Destination Clock: CLK rising

  Data Path: increment to ACC_0
                                Gate     Net
    Cell:in->out      fanout   Delay   Delay  Logical Name (Net Name)
    ----------------------------------------  ------------
     IBUF:I->O             6   1.106   0.721  increment_IBUF (increment_IBUF)
     LUT4:I0->O            6   0.612   0.638  ACC_0_cmp_eq000011 (N9)
     LUT2:I1->O            3   0.612   0.454  ACC_0_mux00005_SW0 (N2)
     LUT4:I3->O            7   0.612   0.754  ACC_0_mux00005 (N15)
     LUT4_L:I0->LO         1   0.612   0.252  ACC_9_mux00009 (ACC_9_mux00009)
     LUT4:I0->O            1   0.612   0.000  ACC_9_mux0000251 (ACC_9_mux000025)
     FDS:D                     0.268          ACC_9
    ----------------------------------------
    Total                      7.252ns (4.434ns logic, 2.818ns route)
                                       (61.1% logic, 38.9% route)

=========================================================================
Timing constraint: Default OFFSET OUT AFTER for Clock 'CLK'
  Total number of paths / destination ports: 25 / 25
-------------------------------------------------------------------------
Offset:              4.252ns (Levels of Logic = 1)
  Source:            ACC_10 (FF)
  Destination:       DataOutput<10> (PAD)
  Source Clock:      CLK rising

  Data Path: ACC_10 to DataOutput<10>
                                Gate     Net
    Cell:in->out      fanout   Delay   Delay  Logical Name (Net Name)
    ----------------------------------------  ------------
     FD:C->Q               6   0.514   0.569  ACC_10 (ACC_10)
     OBUF:I->O                 3.169          DataOutput_10_OBUF (DataOutput<10>)
    ----------------------------------------
    Total                      4.252ns (3.683ns logic, 0.569ns route)
                                       (86.6% logic, 13.4% route)

=========================================================================


Total REAL time to Xst completion: 5.00 secs
Total CPU time to Xst completion: 4.63 secs
 
--> 

Total memory usage is 4511872 kilobytes

Number of errors   :    0 (   0 filtered)
Number of warnings :   19 (   0 filtered)
Number of infos    :    0 (   0 filtered)

