Release 14.7 - xst P.20131013 (nt64)
Copyright (c) 1995-2013 Xilinx, Inc.  All rights reserved.
--> Parameter TMPDIR set to xst/projnav.tmp


Total REAL time to Xst completion: 1.00 secs
Total CPU time to Xst completion: 0.42 secs
 
--> Parameter xsthdpdir set to xst


Total REAL time to Xst completion: 1.00 secs
Total CPU time to Xst completion: 0.42 secs
 
--> Reading design: eight_bit_register.prj

TABLE OF CONTENTS
  1) Synthesis Options Summary
  2) HDL Compilation
  3) Design Hierarchy Analysis
  4) HDL Analysis
  5) HDL Synthesis
     5.1) HDL Synthesis Report
  6) Advanced HDL Synthesis
     6.1) Advanced HDL Synthesis Report
  7) Low Level Synthesis
  8) Partition Report
  9) Final Report
	9.1) Device utilization summary
	9.2) Partition Resource Summary
	9.3) TIMING REPORT


=========================================================================
*                      Synthesis Options Summary                        *
=========================================================================
---- Source Parameters
Input File Name                    : "eight_bit_register.prj"
Input Format                       : mixed
Ignore Synthesis Constraint File   : NO

---- Target Parameters
Output File Name                   : "eight_bit_register"
Output Format                      : NGC
Target Device                      : xc3s250e-5-cp132

---- Source Options
Top Module Name                    : eight_bit_register
Automatic FSM Extraction           : YES
FSM Encoding Algorithm             : Auto
Safe Implementation                : No
FSM Style                          : LUT
RAM Extraction                     : Yes
RAM Style                          : Auto
ROM Extraction                     : Yes
Mux Style                          : Auto
Decoder Extraction                 : YES
Priority Encoder Extraction        : Yes
Shift Register Extraction          : YES
Logical Shifter Extraction         : YES
XOR Collapsing                     : YES
ROM Style                          : Auto
Mux Extraction                     : Yes
Resource Sharing                   : YES
Asynchronous To Synchronous        : NO
Multiplier Style                   : Auto
Automatic Register Balancing       : No

---- Target Options
Add IO Buffers                     : YES
Global Maximum Fanout              : 500
Add Generic Clock Buffer(BUFG)     : 24
Register Duplication               : YES
Slice Packing                      : YES
Optimize Instantiated Primitives   : NO
Use Clock Enable                   : Yes
Use Synchronous Set                : Yes
Use Synchronous Reset              : Yes
Pack IO Registers into IOBs        : Auto
Equivalent register Removal        : YES

---- General Options
Optimization Goal                  : Speed
Optimization Effort                : 1
Keep Hierarchy                     : No
Netlist Hierarchy                  : As_Optimized
RTL Output                         : Yes
Global Optimization                : AllClockNets
Read Cores                         : YES
Write Timing Constraints           : NO
Cross Clock Analysis               : NO
Hierarchy Separator                : /
Bus Delimiter                      : <>
Case Specifier                     : Maintain
Slice Utilization Ratio            : 100
BRAM Utilization Ratio             : 100
Verilog 2001                       : YES
Auto BRAM Packing                  : NO
Slice Utilization Ratio Delta      : 5

=========================================================================


=========================================================================
*                          HDL Compilation                              *
=========================================================================
Compiling vhdl file "D:/FPGA/EEE458_TurhanCanKargin_Question1/eight_bit_register.vhd" in Library work.
Entity <eight_bit_register> compiled.
Entity <eight_bit_register> (Architecture <Behavioral>) compiled.

=========================================================================
*                     Design Hierarchy Analysis                         *
=========================================================================
Analyzing hierarchy for entity <eight_bit_register> in library <work> (architecture <Behavioral>).


=========================================================================
*                            HDL Analysis                               *
=========================================================================
Analyzing Entity <eight_bit_register> in library <work> (Architecture <Behavioral>).
Entity <eight_bit_register> analyzed. Unit <eight_bit_register> generated.


=========================================================================
*                           HDL Synthesis                               *
=========================================================================

Performing bidirectional port resolution...

Synthesizing Unit <eight_bit_register>.
    Related source file is "D:/FPGA/EEE458_TurhanCanKargin_Question1/eight_bit_register.vhd".
    Found 8-bit up counter for signal <PC_output>.
    Summary:
	inferred   1 Counter(s).
Unit <eight_bit_register> synthesized.


=========================================================================
HDL Synthesis Report

Macro Statistics
# Counters                                             : 1
 8-bit up counter                                      : 1

=========================================================================

=========================================================================
*                       Advanced HDL Synthesis                          *
=========================================================================


=========================================================================
Advanced HDL Synthesis Report

Macro Statistics
# Counters                                             : 1
 8-bit up counter                                      : 1

=========================================================================

=========================================================================
*                         Low Level Synthesis                           *
=========================================================================

Optimizing unit <eight_bit_register> ...

Mapping all equations...
Building and optimizing final netlist ...
Found area constraint ratio of 100 (+ 5) on block eight_bit_register, actual ratio is 0.

Final Macro Processing ...

=========================================================================
Final Register Report

Macro Statistics
# Registers                                            : 8
 Flip-Flops                                            : 8

=========================================================================

=========================================================================
*                           Partition Report                            *
=========================================================================

Partition Implementation Status
-------------------------------

  No Partitions were found in this design.

-------------------------------

=========================================================================
*                            Final Report                               *
=========================================================================
Final Results
RTL Top Level Output File Name     : eight_bit_register.ngr
Top Level Output File Name         : eight_bit_register
Output Format                      : NGC
Optimization Goal                  : Speed
Keep Hierarchy                     : No

Design Statistics
# IOs                              : 20

Cell Usage :
# BELS                             : 27
#      GND                         : 1
#      LUT2                        : 3
#      LUT3                        : 7
#      LUT4                        : 1
#      MUXCY                       : 7
#      XORCY                       : 8
# FlipFlops/Latches                : 8
#      FDCE                        : 8
# Clock Buffers                    : 1
#      BUFGP                       : 1
# IO Buffers                       : 19
#      IBUF                        : 11
#      OBUF                        : 8
=========================================================================

Device utilization summary:
---------------------------

Selected Device : 3s250ecp132-5 

 Number of Slices:                        6  out of   2448     0%  
 Number of Slice Flip Flops:              8  out of   4896     0%  
 Number of 4 input LUTs:                 11  out of   4896     0%  
 Number of IOs:                          20
 Number of bonded IOBs:                  20  out of     92    21%  
 Number of GCLKs:                         1  out of     24     4%  

---------------------------
Partition Resource Summary:
---------------------------

  No Partitions were found in this design.

---------------------------


=========================================================================
TIMING REPORT

NOTE: THESE TIMING NUMBERS ARE ONLY A SYNTHESIS ESTIMATE.
      FOR ACCURATE TIMING INFORMATION PLEASE REFER TO THE TRACE REPORT
      GENERATED AFTER PLACE-and-ROUTE.

Clock Information:
------------------
-----------------------------------+------------------------+-------+
Clock Signal                       | Clock buffer(FF name)  | Load  |
-----------------------------------+------------------------+-------+
clk                                | BUFGP                  | 8     |
-----------------------------------+------------------------+-------+

Asynchronous Control Signals Information:
----------------------------------------
-----------------------------------+------------------------+-------+
Control Signal                     | Buffer(FF name)        | Load  |
-----------------------------------+------------------------+-------+
clr                                | IBUF                   | 8     |
-----------------------------------+------------------------+-------+

Timing Summary:
---------------
Speed Grade: -5

   Minimum period: 3.216ns (Maximum Frequency: 310.950MHz)
   Minimum input arrival time before clock: 5.332ns
   Maximum output required time after clock: 4.063ns
   Maximum combinational path delay: No path found

Timing Detail:
--------------
All values displayed in nanoseconds (ns)

=========================================================================
Timing constraint: Default period analysis for Clock 'clk'
  Clock period: 3.216ns (frequency: 310.950MHz)
  Total number of paths / destination ports: 36 / 8
-------------------------------------------------------------------------
Delay:               3.216ns (Levels of Logic = 9)
  Source:            PC_output_0 (FF)
  Destination:       PC_output_7 (FF)
  Source Clock:      clk rising
  Destination Clock: clk rising

  Data Path: PC_output_0 to PC_output_7
                                Gate     Net
    Cell:in->out      fanout   Delay   Delay  Logical Name (Net Name)
    ----------------------------------------  ------------
     FDCE:C->Q             2   0.514   0.410  PC_output_0 (PC_output_0)
     LUT3:I2->O            1   0.612   0.000  Mcount_PC_output_lut<0> (Mcount_PC_output_lut<0>)
     MUXCY:S->O            1   0.404   0.000  Mcount_PC_output_cy<0> (Mcount_PC_output_cy<0>)
     MUXCY:CI->O           1   0.051   0.000  Mcount_PC_output_cy<1> (Mcount_PC_output_cy<1>)
     MUXCY:CI->O           1   0.051   0.000  Mcount_PC_output_cy<2> (Mcount_PC_output_cy<2>)
     MUXCY:CI->O           1   0.051   0.000  Mcount_PC_output_cy<3> (Mcount_PC_output_cy<3>)
     MUXCY:CI->O           1   0.051   0.000  Mcount_PC_output_cy<4> (Mcount_PC_output_cy<4>)
     MUXCY:CI->O           1   0.051   0.000  Mcount_PC_output_cy<5> (Mcount_PC_output_cy<5>)
     MUXCY:CI->O           0   0.051   0.000  Mcount_PC_output_cy<6> (Mcount_PC_output_cy<6>)
     XORCY:CI->O           1   0.699   0.000  Mcount_PC_output_xor<7> (Mcount_PC_output7)
     FDCE:D                    0.268          PC_output_7
    ----------------------------------------
    Total                      3.216ns (2.806ns logic, 0.410ns route)
                                       (87.3% logic, 12.7% route)

=========================================================================
Timing constraint: Default OFFSET IN BEFORE for Clock 'clk'
  Total number of paths / destination ports: 140 / 16
-------------------------------------------------------------------------
Offset:              5.332ns (Levels of Logic = 11)
  Source:            increment (PAD)
  Destination:       PC_output_7 (FF)
  Destination Clock: clk rising

  Data Path: increment to PC_output_7
                                Gate     Net
    Cell:in->out      fanout   Delay   Delay  Logical Name (Net Name)
    ----------------------------------------  ------------
     IBUF:I->O             4   1.106   0.651  increment_IBUF (increment_IBUF)
     LUT2:I0->O            7   0.612   0.671  PC_output_and00001 (PC_output_and0000)
     LUT3:I1->O            1   0.612   0.000  Mcount_PC_output_lut<0> (Mcount_PC_output_lut<0>)
     MUXCY:S->O            1   0.404   0.000  Mcount_PC_output_cy<0> (Mcount_PC_output_cy<0>)
     MUXCY:CI->O           1   0.051   0.000  Mcount_PC_output_cy<1> (Mcount_PC_output_cy<1>)
     MUXCY:CI->O           1   0.051   0.000  Mcount_PC_output_cy<2> (Mcount_PC_output_cy<2>)
     MUXCY:CI->O           1   0.051   0.000  Mcount_PC_output_cy<3> (Mcount_PC_output_cy<3>)
     MUXCY:CI->O           1   0.051   0.000  Mcount_PC_output_cy<4> (Mcount_PC_output_cy<4>)
     MUXCY:CI->O           1   0.051   0.000  Mcount_PC_output_cy<5> (Mcount_PC_output_cy<5>)
     MUXCY:CI->O           0   0.051   0.000  Mcount_PC_output_cy<6> (Mcount_PC_output_cy<6>)
     XORCY:CI->O           1   0.699   0.000  Mcount_PC_output_xor<7> (Mcount_PC_output7)
     FDCE:D                    0.268          PC_output_7
    ----------------------------------------
    Total                      5.332ns (4.010ns logic, 1.322ns route)
                                       (75.2% logic, 24.8% route)

=========================================================================
Timing constraint: Default OFFSET OUT AFTER for Clock 'clk'
  Total number of paths / destination ports: 8 / 8
-------------------------------------------------------------------------
Offset:              4.063ns (Levels of Logic = 1)
  Source:            PC_output_7 (FF)
  Destination:       PC_output<7> (PAD)
  Source Clock:      clk rising

  Data Path: PC_output_7 to PC_output<7>
                                Gate     Net
    Cell:in->out      fanout   Delay   Delay  Logical Name (Net Name)
    ----------------------------------------  ------------
     FDCE:C->Q             2   0.514   0.380  PC_output_7 (PC_output_7)
     OBUF:I->O                 3.169          PC_output_7_OBUF (PC_output<7>)
    ----------------------------------------
    Total                      4.063ns (3.683ns logic, 0.380ns route)
                                       (90.6% logic, 9.4% route)

=========================================================================


Total REAL time to Xst completion: 8.00 secs
Total CPU time to Xst completion: 7.10 secs
 
--> 

Total memory usage is 4505920 kilobytes

Number of errors   :    0 (   0 filtered)
Number of warnings :    0 (   0 filtered)
Number of infos    :    0 (   0 filtered)

