Running: D:\FPGA\14.7\ISE_DS\ISE\bin\nt64\unwrapped\fuse.exe -intstyle ise -incremental -o D:/FPGA/EEE458_TurhanCanKargin_Question1/question1_test_bench_isim_beh.exe -prj D:/FPGA/EEE458_TurhanCanKargin_Question1/question1_test_bench_beh.prj work.question1_test_bench 
ISim P.20131013 (signature 0x7708f090)
Number of CPUs detected in this system: 8
Turning on mult-threading, number of parallel sub-compilation jobs: 16 
Determining compilation order of HDL files
Parsing VHDL file "D:/FPGA/EEE458_TurhanCanKargin_Question1/eight_bit_register.vhd" into library work
Parsing VHDL file "D:/FPGA/EEE458_TurhanCanKargin_Question1/question1_test_bench.vhd" into library work
Starting static elaboration
Completed static elaboration
Compiling package standard
Compiling package std_logic_1164
Compiling package std_logic_arith
Compiling package std_logic_unsigned
Compiling architecture behavioral of entity eight_bit_register [eight_bit_register_default]
Compiling architecture behavior of entity question1_test_bench
Time Resolution for simulation is 1ps.
Compiled 7 VHDL Units
Built simulation executable D:/FPGA/EEE458_TurhanCanKargin_Question1/question1_test_bench_isim_beh.exe
Fuse Memory Usage: 34400 KB
Fuse CPU Usage: 608 ms
